<?xml version="1.0" encoding="utf-8"?><testsuites name="pytest tests"><testsuite name="pytest" errors="0" failures="0" skipped="0" tests="28" time="34.323" timestamp="2026-02-25T23:41:47.833885+00:00" hostname="agent-env-2fbafb4e-2e53-4003-85f9-2adac7a10447"><testcase classname="backend.tests.test_ftmo_backtest.TestFTMOBacktest" name="test_api_health" time="0.464" /><testcase classname="backend.tests.test_ftmo_backtest.TestFTMOBacktest" name="test_risk_status_shows_8_percent_limit" time="0.408" /><testcase classname="backend.tests.test_ftmo_backtest.TestFTMOBacktest" name="test_dashboard_endpoint" time="0.411" /><testcase classname="backend.tests.test_ftmo_backtest.TestScalpingBacktest" name="test_scalping_returns_ftmo_compliant" time="0.595" /><testcase classname="backend.tests.test_ftmo_backtest.TestScalpingBacktest" name="test_scalping_max_daily_loss_under_limit" time="0.000" /><testcase classname="backend.tests.test_ftmo_backtest.TestScalpingBacktest" name="test_scalping_max_drawdown_under_limit" time="0.000" /><testcase classname="backend.tests.test_ftmo_backtest.TestScalpingBacktest" name="test_scalping_has_trades" time="0.000" /><testcase classname="backend.tests.test_ftmo_backtest.TestScalpingBacktest" name="test_scalping_trades_have_required_fields" time="0.000" /><testcase classname="backend.tests.test_ftmo_backtest.TestIntradayBacktest" name="test_intraday_returns_ftmo_compliant" time="1.429" /><testcase classname="backend.tests.test_ftmo_backtest.TestIntradayBacktest" name="test_intraday_max_daily_loss_under_limit" time="0.000" /><testcase classname="backend.tests.test_ftmo_backtest.TestIntradayBacktest" name="test_intraday_max_drawdown_under_limit" time="0.000" /><testcase classname="backend.tests.test_ftmo_backtest.TestIntradayBacktest" name="test_intraday_has_trades" time="0.000" /><testcase classname="backend.tests.test_ftmo_backtest.TestIntradayBacktest" name="test_intraday_trades_have_required_fields" time="0.000" /><testcase classname="backend.tests.test_ftmo_backtest.TestBothStrategiesBacktest" name="test_both_returns_ftmo_compliant" time="8.447" /><testcase classname="backend.tests.test_ftmo_backtest.TestBothStrategiesBacktest" name="test_both_max_daily_loss_under_limit" time="0.000" /><testcase classname="backend.tests.test_ftmo_backtest.TestBothStrategiesBacktest" name="test_both_max_drawdown_under_limit" time="0.000" /><testcase classname="backend.tests.test_ftmo_backtest.TestBothStrategiesBacktest" name="test_both_has_trades" time="0.000" /><testcase classname="backend.tests.test_ftmo_backtest.TestBothStrategiesBacktest" name="test_both_includes_both_strategies" time="0.000" /><testcase classname="backend.tests.test_ftmo_backtest.TestBacktestReport" name="test_report_has_required_metrics" time="0.643" /><testcase classname="backend.tests.test_ftmo_backtest.TestBacktestReport" name="test_report_equity_curve_valid" time="0.000" /><testcase classname="backend.tests.test_ftmo_backtest.TestBacktestReport" name="test_report_daily_returns_valid" time="0.000" /><testcase classname="backend.tests.test_live_trading.TestLiveTradingAPI" name="test_live_status_returns_valid_response" time="0.410" /><testcase classname="backend.tests.test_live_trading.TestLiveTradingAPI" name="test_live_connect_attempts_fix_connection" time="2.556" /><testcase classname="backend.tests.test_live_trading.TestLiveTradingAPI" name="test_live_start_requires_connection" time="0.424" /><testcase classname="backend.tests.test_live_trading.TestLiveTradingAPI" name="test_live_stop_returns_success" time="0.398" /><testcase classname="backend.tests.test_live_trading.TestBacktestFTMOCompliance" name="test_scalping_ftmo_compliance" time="3.473" /><testcase classname="backend.tests.test_live_trading.TestBacktestFTMOCompliance" name="test_intraday_ftmo_compliance" time="5.786" /><testcase classname="backend.tests.test_live_trading.TestBacktestFTMOCompliance" name="test_both_strategies_ftmo_compliance" time="8.819" /></testsuite></testsuites>