<?xml version="1.0" encoding="utf-8"?><testsuites name="pytest tests"><testsuite name="pytest" errors="0" failures="0" skipped="0" tests="21" time="81.024" timestamp="2026-02-26T02:46:59.383280+00:00" hostname="agent-env-3a765e9b-9d40-44d4-a8ec-b84c0be0a590"><testcase classname="tests.test_ftmo_backtest.TestFTMOBacktest" name="test_api_health" time="0.669" /><testcase classname="tests.test_ftmo_backtest.TestFTMOBacktest" name="test_risk_status_shows_8_percent_limit" time="0.623" /><testcase classname="tests.test_ftmo_backtest.TestFTMOBacktest" name="test_dashboard_endpoint" time="0.626" /><testcase classname="tests.test_ftmo_backtest.TestScalpingBacktest" name="test_scalping_returns_ftmo_compliant" time="4.180" /><testcase classname="tests.test_ftmo_backtest.TestScalpingBacktest" name="test_scalping_max_daily_loss_under_limit" time="0.000" /><testcase classname="tests.test_ftmo_backtest.TestScalpingBacktest" name="test_scalping_max_drawdown_under_limit" time="0.000" /><testcase classname="tests.test_ftmo_backtest.TestScalpingBacktest" name="test_scalping_has_trades" time="0.000" /><testcase classname="tests.test_ftmo_backtest.TestScalpingBacktest" name="test_scalping_trades_have_required_fields" time="0.000" /><testcase classname="tests.test_ftmo_backtest.TestIntradayBacktest" name="test_intraday_returns_ftmo_compliant" time="36.927" /><testcase classname="tests.test_ftmo_backtest.TestIntradayBacktest" name="test_intraday_max_daily_loss_under_limit" time="0.000" /><testcase classname="tests.test_ftmo_backtest.TestIntradayBacktest" name="test_intraday_max_drawdown_under_limit" time="0.000" /><testcase classname="tests.test_ftmo_backtest.TestIntradayBacktest" name="test_intraday_has_trades" time="0.000" /><testcase classname="tests.test_ftmo_backtest.TestIntradayBacktest" name="test_intraday_trades_have_required_fields" time="0.000" /><testcase classname="tests.test_ftmo_backtest.TestBothStrategiesBacktest" name="test_both_returns_ftmo_compliant" time="32.630" /><testcase classname="tests.test_ftmo_backtest.TestBothStrategiesBacktest" name="test_both_max_daily_loss_under_limit" time="0.003" /><testcase classname="tests.test_ftmo_backtest.TestBothStrategiesBacktest" name="test_both_max_drawdown_under_limit" time="0.000" /><testcase classname="tests.test_ftmo_backtest.TestBothStrategiesBacktest" name="test_both_has_trades" time="0.002" /><testcase classname="tests.test_ftmo_backtest.TestBothStrategiesBacktest" name="test_both_includes_both_strategies" time="0.003" /><testcase classname="tests.test_ftmo_backtest.TestBacktestReport" name="test_report_has_required_metrics" time="4.783" /><testcase classname="tests.test_ftmo_backtest.TestBacktestReport" name="test_report_equity_curve_valid" time="0.001" /><testcase classname="tests.test_ftmo_backtest.TestBacktestReport" name="test_report_daily_returns_valid" time="0.000" /></testsuite></testsuites>