<?xml version="1.0" encoding="utf-8"?><testsuites name="pytest tests"><testsuite name="pytest" errors="0" failures="0" skipped="0" tests="14" time="1.763" timestamp="2026-02-26T19:31:49.025434+00:00" hostname="agent-env-52395476-3484-4247-b2f0-2c95f29fbc69"><testcase classname="backend.tests.test_pa_strategy_endpoints.TestRootAndDashboard" name="test_root_endpoint_works" time="0.286" /><testcase classname="backend.tests.test_pa_strategy_endpoints.TestRootAndDashboard" name="test_dashboard_still_works" time="0.092" /><testcase classname="backend.tests.test_pa_strategy_endpoints.TestLiveStatusWithPAStrategy" name="test_live_status_returns_pa_strategy_info" time="0.216" /><testcase classname="backend.tests.test_pa_strategy_endpoints.TestLiveStatusWithPAStrategy" name="test_live_status_has_correct_default_strategies" time="0.087" /><testcase classname="backend.tests.test_pa_strategy_endpoints.TestPAStrategyEndpoint" name="test_pa_strategy_returns_validated_details" time="0.124" /><testcase classname="backend.tests.test_pa_strategy_endpoints.TestPAStrategyEndpoint" name="test_pa_strategy_has_robustness_audit" time="0.106" /><testcase classname="backend.tests.test_pa_strategy_endpoints.TestPAStrategyEndpoint" name="test_pa_strategy_has_validated_strategy_section" time="0.100" /><testcase classname="backend.tests.test_pa_strategy_endpoints.TestStrategyToggle" name="test_toggle_pa_breakout_off" time="0.089" /><testcase classname="backend.tests.test_pa_strategy_endpoints.TestStrategyToggle" name="test_toggle_pa_breakout_back_on" time="0.099" /><testcase classname="backend.tests.test_pa_strategy_endpoints.TestStrategyToggle" name="test_toggle_multiple_strategies" time="0.088" /><testcase classname="backend.tests.test_pa_strategy_endpoints.TestStrategyToggle" name="test_reset_strategies_to_default" time="0.074" /><testcase classname="backend.tests.test_pa_strategy_endpoints.TestPAStrategyCandles" name="test_h1_candles_loaded" time="0.092" /><testcase classname="backend.tests.test_pa_strategy_endpoints.TestPAStrategyCandles" name="test_m30_candles_loaded" time="0.078" /><testcase classname="backend.tests.test_pa_strategy_endpoints.TestValidatedPerformance" name="test_validated_performance_metrics" time="0.116" /></testsuite></testsuites>