<?xml version="1.0" encoding="utf-8"?><testsuites name="pytest tests"><testsuite name="pytest" errors="0" failures="4" skipped="0" tests="21" time="9.703" timestamp="2026-02-25T22:52:12.402086+00:00" hostname="agent-env-2fbafb4e-2e53-4003-85f9-2adac7a10447"><testcase classname="backend.tests.test_ftmo_backtest.TestFTMOBacktest" name="test_api_health" time="0.580" /><testcase classname="backend.tests.test_ftmo_backtest.TestFTMOBacktest" name="test_risk_status_shows_8_percent_limit" time="0.404" /><testcase classname="backend.tests.test_ftmo_backtest.TestFTMOBacktest" name="test_dashboard_endpoint" time="0.402" /><testcase classname="backend.tests.test_ftmo_backtest.TestScalpingBacktest" name="test_scalping_returns_ftmo_compliant" time="0.625"><failure message="AssertionError: SCALPING breached daily limit! Max daily loss: 4.63%&#10;assert True == False">backend/tests/test_ftmo_backtest.py:85: in test_scalping_returns_ftmo_compliant
    assert result["ftmo_daily_limit_breached"] == False, \
E   AssertionError: SCALPING breached daily limit! Max daily loss: 4.63%
E   assert True == False</failure></testcase><testcase classname="backend.tests.test_ftmo_backtest.TestScalpingBacktest" name="test_scalping_max_daily_loss_under_limit" time="0.000"><failure message="AssertionError: Max daily loss 4.63% exceeds 4.5% limit&#10;assert 4.63 &lt; 4.5">backend/tests/test_ftmo_backtest.py:96: in test_scalping_max_daily_loss_under_limit
    assert result["max_daily_loss_percent"] &lt; 4.5, \
E   AssertionError: Max daily loss 4.63% exceeds 4.5% limit
E   assert 4.63 &lt; 4.5</failure></testcase><testcase classname="backend.tests.test_ftmo_backtest.TestScalpingBacktest" name="test_scalping_max_drawdown_under_limit" time="0.000" /><testcase classname="backend.tests.test_ftmo_backtest.TestScalpingBacktest" name="test_scalping_has_trades" time="0.000" /><testcase classname="backend.tests.test_ftmo_backtest.TestScalpingBacktest" name="test_scalping_trades_have_required_fields" time="0.000" /><testcase classname="backend.tests.test_ftmo_backtest.TestIntradayBacktest" name="test_intraday_returns_ftmo_compliant" time="5.636" /><testcase classname="backend.tests.test_ftmo_backtest.TestIntradayBacktest" name="test_intraday_max_daily_loss_under_limit" time="0.000" /><testcase classname="backend.tests.test_ftmo_backtest.TestIntradayBacktest" name="test_intraday_max_drawdown_under_limit" time="0.000" /><testcase classname="backend.tests.test_ftmo_backtest.TestIntradayBacktest" name="test_intraday_has_trades" time="0.000" /><testcase classname="backend.tests.test_ftmo_backtest.TestIntradayBacktest" name="test_intraday_trades_have_required_fields" time="0.000" /><testcase classname="backend.tests.test_ftmo_backtest.TestBothStrategiesBacktest" name="test_both_returns_ftmo_compliant" time="1.406"><failure message="AssertionError: BOTH breached daily limit! Max daily loss: 5.23%&#10;assert True == False">backend/tests/test_ftmo_backtest.py:231: in test_both_returns_ftmo_compliant
    assert result["ftmo_daily_limit_breached"] == False, \
E   AssertionError: BOTH breached daily limit! Max daily loss: 5.23%
E   assert True == False</failure></testcase><testcase classname="backend.tests.test_ftmo_backtest.TestBothStrategiesBacktest" name="test_both_max_daily_loss_under_limit" time="0.000"><failure message="AssertionError: Max daily loss 5.23% exceeds 4.5% limit&#10;assert 5.23 &lt; 4.5">backend/tests/test_ftmo_backtest.py:242: in test_both_max_daily_loss_under_limit
    assert result["max_daily_loss_percent"] &lt; 4.5, \
E   AssertionError: Max daily loss 5.23% exceeds 4.5% limit
E   assert 5.23 &lt; 4.5</failure></testcase><testcase classname="backend.tests.test_ftmo_backtest.TestBothStrategiesBacktest" name="test_both_max_drawdown_under_limit" time="0.000" /><testcase classname="backend.tests.test_ftmo_backtest.TestBothStrategiesBacktest" name="test_both_has_trades" time="0.000" /><testcase classname="backend.tests.test_ftmo_backtest.TestBothStrategiesBacktest" name="test_both_includes_both_strategies" time="0.000" /><testcase classname="backend.tests.test_ftmo_backtest.TestBacktestReport" name="test_report_has_required_metrics" time="0.505" /><testcase classname="backend.tests.test_ftmo_backtest.TestBacktestReport" name="test_report_equity_curve_valid" time="0.000" /><testcase classname="backend.tests.test_ftmo_backtest.TestBacktestReport" name="test_report_daily_returns_valid" time="0.000" /></testsuite></testsuites>